0 info it worked if it ends with ok
1 verbose cli [ 'D:\\Program Files\\node.exe',
1 verbose cli   'C:\\Users\\xc\\AppData\\Roaming\\npm\\node_modules\\npm\\bin\\npm-cli.js',
1 verbose cli   'start' ]
2 info using npm@3.10.10
3 info using node@v6.10.0
4 verbose run-script [ 'prestart', 'start', 'poststart' ]
5 info lifecycle webpack@1.0.0~prestart: webpack@1.0.0
6 silly lifecycle webpack@1.0.0~prestart: no script for prestart, continuing
7 info lifecycle webpack@1.0.0~start: webpack@1.0.0
8 verbose lifecycle webpack@1.0.0~start: unsafe-perm in lifecycle true
9 verbose lifecycle webpack@1.0.0~start: PATH: C:\Users\xc\AppData\Roaming\npm\node_modules\npm\bin\node-gyp-bin;D:\0GitRepository\webpack\webpack13-plugins-extract-text-webpack-plugin\node_modules\.bin;D:\Program Files\AppCanStudioPersonalV3.3\AppCan-IDE\jre\bin\;D:\Program Files\AppCanStudioPersonalV3.3\HDK\emulator\mas\;;C:\Program Files (x86)\ARM\ADSv1_2\bin;C:\Program Files (x86)\NVIDIA Corporation\PhysX\Common;C:\Program Files\Common Files\Microsoft Shared\Windows Live;C:\Program Files (x86)\Common Files\Microsoft Shared\Windows Live;C:\Windows\system32;C:\Windows;C:\Windows\System32\Wbem;C:\Windows\System32\WindowsPowerShell\v1.0\;C:\Program Files (x86)\Windows Live\Shared;D:\System;C:\Program Files\Microsoft\Web Platform Installer\;C:\Program Files (x86)\Microsoft ASP.NET\ASP.NET Web Pages\v1.0\;C:\Program Files\Microsoft SQL Server\110\Tools\Binn\;C:\Program Files\TortoiseSVN\bin;D:\Program Files\python\;D:\Program Files\;D:\Program Files\Egret Wing 3\bin;C:\Users\xc\AppData\Roaming\npm
10 verbose lifecycle webpack@1.0.0~start: CWD: D:\0GitRepository\webpack\webpack13-plugins-extract-text-webpack-plugin
11 silly lifecycle webpack@1.0.0~start: Args: [ '/d /s /c', 'webpack' ]
12 silly lifecycle webpack@1.0.0~start: Returned: code: 1  signal: null
13 info lifecycle webpack@1.0.0~start: Failed to exec start script
14 verbose stack Error: webpack@1.0.0 start: `webpack`
14 verbose stack Exit status 1
14 verbose stack     at EventEmitter.<anonymous> (C:\Users\xc\AppData\Roaming\npm\node_modules\npm\lib\utils\lifecycle.js:255:16)
14 verbose stack     at emitTwo (events.js:106:13)
14 verbose stack     at EventEmitter.emit (events.js:191:7)
14 verbose stack     at ChildProcess.<anonymous> (C:\Users\xc\AppData\Roaming\npm\node_modules\npm\lib\utils\spawn.js:40:14)
14 verbose stack     at emitTwo (events.js:106:13)
14 verbose stack     at ChildProcess.emit (events.js:191:7)
14 verbose stack     at maybeClose (internal/child_process.js:877:16)
14 verbose stack     at Process.ChildProcess._handle.onexit (internal/child_process.js:226:5)
15 verbose pkgid webpack@1.0.0
16 verbose cwd D:\0GitRepository\webpack\webpack13-plugins-extract-text-webpack-plugin
17 error Windows_NT 6.1.7601
18 error argv "D:\\Program Files\\node.exe" "C:\\Users\\xc\\AppData\\Roaming\\npm\\node_modules\\npm\\bin\\npm-cli.js" "start"
19 error node v6.10.0
20 error npm  v3.10.10
21 error code ELIFECYCLE
22 error webpack@1.0.0 start: `webpack`
22 error Exit status 1
23 error Failed at the webpack@1.0.0 start script 'webpack'.
23 error Make sure you have the latest version of node.js and npm installed.
23 error If you do, this is most likely a problem with the webpack package,
23 error not with npm itself.
23 error Tell the author that this fails on your system:
23 error     webpack
23 error You can get information on how to open an issue for this project with:
23 error     npm bugs webpack
23 error Or if that isn't available, you can get their info via:
23 error     npm owner ls webpack
23 error There is likely additional logging output above.
24 verbose exit [ 1, true ]
